2018/07/10 20:38:49.027 c.r.f.c.web.ConfigWebApplication [] INFO  Starting ConfigWebApplication on localhost with PID 3043 (/Users/liushuai/Desktop/ruubypay-configx-package-master/ruubypay-configx-web/target/classes started by liushuai in /Users/liushuai/Desktop/ruubypay-configx-package-master)
2018/07/10 20:38:49.029 c.r.f.c.web.ConfigWebApplication [] INFO  No active profile set, falling back to default profiles: default
2018/07/10 20:38:49.065 o.s.b.w.s.c.AnnotationConfigServletWebServerApplicationContext [] INFO  Refreshing org.springframework.boot.web.servlet.context.AnnotationConfigServletWebServerApplicationContext@3cd3e762: startup date [Tue Jul 10 20:38:49 CST 2018]; root of context hierarchy
2018/07/10 20:38:50.124 o.s.b.w.e.tomcat.TomcatWebServer [] INFO  Tomcat initialized with port(s): 8082 (http)
2018/07/10 20:38:50.140 o.a.coyote.http11.Http11NioProtocol [] INFO  Initializing ProtocolHandler ["http-nio-8082"]
2018/07/10 20:38:50.148 o.a.catalina.core.StandardService [] INFO  Starting service [Tomcat]
2018/07/10 20:38:50.148 o.a.catalina.core.StandardEngine [] INFO  Starting Servlet Engine: Apache Tomcat/8.5.28
2018/07/10 20:38:50.153 o.a.c.core.AprLifecycleListener [] INFO  The APR based Apache Tomcat Native library which allows optimal performance in production environments was not found on the java.library.path: [/Users/liushuai/Library/Java/Extensions:/Library/Java/Extensions:/Network/Library/Java/Extensions:/System/Library/Java/Extensions:/usr/lib/java:.]
2018/07/10 20:38:50.270 o.a.c.c.C.[Tomcat].[localhost].[/] [] INFO  Initializing Spring embedded WebApplicationContext
2018/07/10 20:38:50.271 o.s.web.context.ContextLoader [] INFO  Root WebApplicationContext: initialization completed in 1206 ms
2018/07/10 20:38:50.470 o.s.b.w.s.FilterRegistrationBean [] INFO  Mapping filter: 'characterEncodingFilter' to: [/*]
2018/07/10 20:38:50.471 o.s.b.w.s.FilterRegistrationBean [] INFO  Mapping filter: 'hiddenHttpMethodFilter' to: [/*]
2018/07/10 20:38:50.471 o.s.b.w.s.FilterRegistrationBean [] INFO  Mapping filter: 'httpPutFormContentFilter' to: [/*]
2018/07/10 20:38:50.471 o.s.b.w.s.FilterRegistrationBean [] INFO  Mapping filter: 'requestContextFilter' to: [/*]
2018/07/10 20:38:50.472 o.s.b.w.s.DelegatingFilterProxyRegistrationBean [] INFO  Mapping filter: 'springSecurityFilterChain' to: [/*]
2018/07/10 20:38:50.472 o.s.b.w.s.ServletRegistrationBean [] INFO  Servlet dispatcherServlet mapped to [/]
2018/07/10 20:38:50.606 o.a.c.f.imps.CuratorFrameworkImpl [] INFO  Starting
2018/07/10 20:38:50.617 org.apache.zookeeper.ZooKeeper [] INFO  Client environment:zookeeper.version=3.4.8--1, built on 02/06/2016 03:18 GMT
2018/07/10 20:38:50.618 org.apache.zookeeper.ZooKeeper [] INFO  Client environment:host.name=localhost
2018/07/10 20:38:50.618 org.apache.zookeeper.ZooKeeper [] INFO  Client environment:java.version=1.8.0_144
2018/07/10 20:38:50.618 org.apache.zookeeper.ZooKeeper [] INFO  Client environment:java.vendor=Oracle Corporation
2018/07/10 20:38:50.618 org.apache.zookeeper.ZooKeeper [] INFO  Client environment:java.home=/Library/Java/JavaVirtualMachines/jdk1.8.0_144.jdk/Contents/Home/jre
2018/07/10 20:38:50.618 org.apache.zookeeper.ZooKeeper [] INFO  Client environment:java.class.path=/Library/Java/JavaVirtualMachines/jdk1.8.0_144.jdk/Contents/Home/jre/lib/charsets.jar:/Library/Java/JavaVirtualMachines/jdk1.8.0_144.jdk/Contents/Home/jre/lib/deploy.jar:/Library/Java/JavaVirtualMachines/jdk1.8.0_144.jdk/Contents/Home/jre/lib/ext/cldrdata.jar:/Library/Java/JavaVirtualMachines/jdk1.8.0_144.jdk/Contents/Home/jre/lib/ext/dnsns.jar:/Library/Java/JavaVirtualMachines/jdk1.8.0_144.jdk/Contents/Home/jre/lib/ext/jaccess.jar:/Library/Java/JavaVirtualMachines/jdk1.8.0_144.jdk/Contents/Home/jre/lib/ext/jfxrt.jar:/Library/Java/JavaVirtualMachines/jdk1.8.0_144.jdk/Contents/Home/jre/lib/ext/localedata.jar:/Library/Java/JavaVirtualMachines/jdk1.8.0_144.jdk/Contents/Home/jre/lib/ext/nashorn.jar:/Library/Java/JavaVirtualMachines/jdk1.8.0_144.jdk/Contents/Home/jre/lib/ext/sunec.jar:/Library/Java/JavaVirtualMachines/jdk1.8.0_144.jdk/Contents/Home/jre/lib/ext/sunjce_provider.jar:/Library/Java/JavaVirtualMachines/jdk1.8.0_144.jdk/Contents/Home/jre/lib/ext/sunpkcs11.jar:/Library/Java/JavaVirtualMachines/jdk1.8.0_144.jdk/Contents/Home/jre/lib/ext/zipfs.jar:/Library/Java/JavaVirtualMachines/jdk1.8.0_144.jdk/Contents/Home/jre/lib/javaws.jar:/Library/Java/JavaVirtualMachines/jdk1.8.0_144.jdk/Contents/Home/jre/lib/jce.jar:/Library/Java/JavaVirtualMachines/jdk1.8.0_144.jdk/Contents/Home/jre/lib/jfr.jar:/Library/Java/JavaVirtualMachines/jdk1.8.0_144.jdk/Contents/Home/jre/lib/jfxswt.jar:/Library/Java/JavaVirtualMachines/jdk1.8.0_144.jdk/Contents/Home/jre/lib/jsse.jar:/Library/Java/JavaVirtualMachines/jdk1.8.0_144.jdk/Contents/Home/jre/lib/management-agent.jar:/Library/Java/JavaVirtualMachines/jdk1.8.0_144.jdk/Contents/Home/jre/lib/plugin.jar:/Library/Java/JavaVirtualMachines/jdk1.8.0_144.jdk/Contents/Home/jre/lib/resources.jar:/Library/Java/JavaVirtualMachines/jdk1.8.0_144.jdk/Contents/Home/jre/lib/rt.jar:/Library/Java/JavaVirtualMachines/jdk1.8.0_144.jdk/Contents/Home/lib/ant-javafx.jar:/Library/Java/JavaVirtualMachines/jdk1.8.0_144.jdk/Contents/Home/lib/dt.jar:/Library/Java/JavaVirtualMachines/jdk1.8.0_144.jdk/Contents/Home/lib/javafx-mx.jar:/Library/Java/JavaVirtualMachines/jdk1.8.0_144.jdk/Contents/Home/lib/jconsole.jar:/Library/Java/JavaVirtualMachines/jdk1.8.0_144.jdk/Contents/Home/lib/packager.jar:/Library/Java/JavaVirtualMachines/jdk1.8.0_144.jdk/Contents/Home/lib/sa-jdi.jar:/Library/Java/JavaVirtualMachines/jdk1.8.0_144.jdk/Contents/Home/lib/tools.jar:/Users/liushuai/Desktop/ruubypay-configx-package-master/ruubypay-configx-web/target/classes:/Users/liushuai/developer/repository/org/springframework/boot/spring-boot-starter-freemarker/2.0.0.RELEASE/spring-boot-starter-freemarker-2.0.0.RELEASE.jar:/Users/liushuai/developer/repository/org/springframework/boot/spring-boot-starter/2.0.0.RELEASE/spring-boot-starter-2.0.0.RELEASE.jar:/Users/liushuai/developer/repository/org/springframework/boot/spring-boot/2.0.0.RELEASE/spring-boot-2.0.0.RELEASE.jar:/Users/liushuai/developer/repository/org/springframework/boot/spring-boot-autoconfigure/2.0.0.RELEASE/spring-boot-autoconfigure-2.0.0.RELEASE.jar:/Users/liushuai/developer/repository/org/springframework/boot/spring-boot-starter-logging/2.0.0.RELEASE/spring-boot-starter-logging-2.0.0.RELEASE.jar:/Users/liushuai/developer/repository/ch/qos/logback/logback-classic/1.2.3/logback-classic-1.2.3.jar:/Users/liushuai/developer/repository/ch/qos/logback/logback-core/1.2.3/logback-core-1.2.3.jar:/Users/liushuai/developer/repository/org/apache/logging/log4j/log4j-to-slf4j/2.10.0/log4j-to-slf4j-2.10.0.jar:/Users/liushuai/developer/repository/org/apache/logging/log4j/log4j-api/2.10.0/log4j-api-2.10.0.jar:/Users/liushuai/developer/repository/org/slf4j/jul-to-slf4j/1.7.25/jul-to-slf4j-1.7.25.jar:/Users/liushuai/developer/repository/javax/annotation/javax.annotation-api/1.3.2/javax.annotation-api-1.3.2.jar:/Users/liushuai/developer/repository/org/springframework/spring-core/5.0.4.RELEASE/spring-core-5.0.4.RELEASE.jar:/Users/liushuai/developer/repository/org/springframework/spring-jcl/5.0.4.RELEASE/spring-jcl-5.0.4.RELEASE.jar:/Users/liushuai/developer/repository/org/yaml/snakeyaml/1.19/snakeyaml-1.19.jar:/Users/liushuai/developer/repository/org/freemarker/freemarker/2.3.27-incubating/freemarker-2.3.27-incubating.jar:/Users/liushuai/developer/repository/org/springframework/spring-context-support/5.0.4.RELEASE/spring-context-support-5.0.4.RELEASE.jar:/Users/liushuai/developer/repository/org/springframework/spring-beans/5.0.4.RELEASE/spring-beans-5.0.4.RELEASE.jar:/Users/liushuai/developer/repository/org/springframework/spring-context/5.0.4.RELEASE/spring-context-5.0.4.RELEASE.jar:/Users/liushuai/developer/repository/org/springframework/boot/spring-boot-starter-web/2.0.0.RELEASE/spring-boot-starter-web-2.0.0.RELEASE.jar:/Users/liushuai/developer/repository/org/springframework/boot/spring-boot-starter-json/2.0.0.RELEASE/spring-boot-starter-json-2.0.0.RELEASE.jar:/Users/liushuai/developer/repository/com/fasterxml/jackson/core/jackson-databind/2.9.4/jackson-databind-2.9.4.jar:/Users/liushuai/developer/repository/com/fasterxml/jackson/core/jackson-annotations/2.9.0/jackson-annotations-2.9.0.jar:/Users/liushuai/developer/repository/com/fasterxml/jackson/core/jackson-core/2.9.4/jackson-core-2.9.4.jar:/Users/liushuai/developer/repository/com/fasterxml/jackson/datatype/jackson-datatype-jdk8/2.9.4/jackson-datatype-jdk8-2.9.4.jar:/Users/liushuai/developer/repository/com/fasterxml/jackson/datatype/jackson-datatype-jsr310/2.9.4/jackson-datatype-jsr310-2.9.4.jar:/Users/liushuai/developer/repository/com/fasterxml/jackson/module/jackson-module-parameter-names/2.9.4/jackson-module-parameter-names-2.9.4.jar:/Users/liushuai/developer/repository/org/springframework/boot/spring-boot-starter-tomcat/2.0.0.RELEASE/spring-boot-starter-tomcat-2.0.0.RELEASE.jar:/Users/liushuai/developer/repository/org/apache/tomcat/embed/tomcat-embed-core/8.5.28/tomcat-embed-core-8.5.28.jar:/Users/liushuai/developer/repository/org/apache/tomcat/embed/tomcat-embed-el/8.5.28/tomcat-embed-el-8.5.28.jar:/Users/liushuai/developer/repository/org/apache/tomcat/embed/tomcat-embed-websocket/8.5.28/tomcat-embed-websocket-8.5.28.jar:/Users/liushuai/developer/repository/org/hibernate/validator/hibernate-validator/6.0.7.Final/hibernate-validator-6.0.7.Final.jar:/Users/liushuai/developer/repository/javax/validation/validation-api/2.0.1.Final/validation-api-2.0.1.Final.jar:/Users/liushuai/developer/repository/org/jboss/logging/jboss-logging/3.3.2.Final/jboss-logging-3.3.2.Final.jar:/Users/liushuai/developer/repository/com/fasterxml/classmate/1.3.4/classmate-1.3.4.jar:/Users/liushuai/developer/repository/org/springframework/spring-web/5.0.4.RELEASE/spring-web-5.0.4.RELEASE.jar:/Users/liushuai/developer/repository/org/springframework/spring-webmvc/5.0.4.RELEASE/spring-webmvc-5.0.4.RELEASE.jar:/Users/liushuai/developer/repository/org/springframework/spring-expression/5.0.4.RELEASE/spring-expression-5.0.4.RELEASE.jar:/Users/liushuai/developer/repository/org/springframework/boot/spring-boot-starter-security/2.0.0.RELEASE/spring-boot-starter-security-2.0.0.RELEASE.jar:/Users/liushuai/developer/repository/org/springframework/spring-aop/5.0.4.RELEASE/spring-aop-5.0.4.RELEASE.jar:/Users/liushuai/developer/repository/org/springframework/security/spring-security-config/5.0.3.RELEASE/spring-security-config-5.0.3.RELEASE.jar:/Users/liushuai/developer/repository/org/springframework/security/spring-security-core/5.0.3.RELEASE/spring-security-core-5.0.3.RELEASE.jar:/Users/liushuai/developer/repository/org/springframework/security/spring-security-web/5.0.3.RELEASE/spring-security-web-5.0.3.RELEASE.jar:/Users/liushuai/developer/repository/org/apache/curator/curator-framework/2.11.1/curator-framework-2.11.1.jar:/Users/liushuai/developer/repository/org/apache/curator/curator-client/2.11.1/curator-client-2.11.1.jar:/Users/liushuai/developer/repository/org/apache/zookeeper/zookeeper/3.4.8/zookeeper-3.4.8.jar:/Users/liushuai/developer/repository/log4j/log4j/1.2.16/log4j-1.2.16.jar:/Users/liushuai/developer/repository/jline/jline/0.9.94/jline-0.9.94.jar:/Users/liushuai/developer/repository/io/netty/netty/3.7.0.Final/netty-3.7.0.Final.jar:/Users/liushuai/developer/repository/com/google/guava/guava/16.0.1/guava-16.0.1.jar:/Users/liushuai/developer/repository/org/slf4j/slf4j-api/1.7.25/slf4j-api-1.7.25.jar:/Users/liushuai/developer/repository/org/apache/commons/commons-lang3/3.7/commons-lang3-3.7.jar:/Users/liushuai/developer/repository/commons-io/commons-io/1.3.2/commons-io-1.3.2.jar:/Users/liushuai/developer/repository/org/apache/commons/commons-compress/1.15/commons-compress-1.15.jar:/Users/liushuai/developer/repository/org/objenesis/objenesis/2.6/objenesis-2.6.jar:/Users/liushuai/developer/repository/org/projectlombok/lombok/1.16.10/lombok-1.16.10.jar
2018/07/10 20:38:50.618 org.apache.zookeeper.ZooKeeper [] INFO  Client environment:java.library.path=/Users/liushuai/Library/Java/Extensions:/Library/Java/Extensions:/Network/Library/Java/Extensions:/System/Library/Java/Extensions:/usr/lib/java:.
2018/07/10 20:38:50.618 org.apache.zookeeper.ZooKeeper [] INFO  Client environment:java.io.tmpdir=/var/folders/mg/7r9_8tns21jg_svsxz_3x4l80000gn/T/
2018/07/10 20:38:50.618 org.apache.zookeeper.ZooKeeper [] INFO  Client environment:java.compiler=<NA>
2018/07/10 20:38:50.618 org.apache.zookeeper.ZooKeeper [] INFO  Client environment:os.name=Mac OS X
2018/07/10 20:38:50.618 org.apache.zookeeper.ZooKeeper [] INFO  Client environment:os.arch=x86_64
2018/07/10 20:38:50.618 org.apache.zookeeper.ZooKeeper [] INFO  Client environment:os.version=10.13.3
2018/07/10 20:38:50.618 org.apache.zookeeper.ZooKeeper [] INFO  Client environment:user.name=liushuai
2018/07/10 20:38:50.618 org.apache.zookeeper.ZooKeeper [] INFO  Client environment:user.home=/Users/liushuai
2018/07/10 20:38:50.618 org.apache.zookeeper.ZooKeeper [] INFO  Client environment:user.dir=/Users/liushuai/Desktop/ruubypay-configx-package-master
2018/07/10 20:38:50.619 org.apache.zookeeper.ZooKeeper [] INFO  Initiating client connection, connectString=localhost:2181 sessionTimeout=60000 watcher=org.apache.curator.ConnectionState@63a5e46c
2018/07/10 20:38:50.636 org.apache.zookeeper.ClientCnxn [] INFO  Opening socket connection to server localhost/0:0:0:0:0:0:0:1:2181. Will not attempt to authenticate using SASL (unknown error)
2018/07/10 20:38:50.674 org.apache.zookeeper.ClientCnxn [] WARN  Session 0x0 for server null, unexpected error, closing socket connection and attempting reconnect
java.net.ConnectException: Connection refused
	at sun.nio.ch.SocketChannelImpl.checkConnect(Native Method)
	at sun.nio.ch.SocketChannelImpl.finishConnect(SocketChannelImpl.java:717)
	at org.apache.zookeeper.ClientCnxnSocketNIO.doTransport(ClientCnxnSocketNIO.java:361)
	at org.apache.zookeeper.ClientCnxn$SendThread.run(ClientCnxn.java:1141)
2018/07/10 20:38:50.778 org.apache.zookeeper.ClientCnxn [] INFO  Opening socket connection to server localhost/127.0.0.1:2181. Will not attempt to authenticate using SASL (unknown error)
2018/07/10 20:38:50.779 org.apache.zookeeper.ClientCnxn [] WARN  Session 0x0 for server null, unexpected error, closing socket connection and attempting reconnect
java.net.ConnectException: Connection refused
	at sun.nio.ch.SocketChannelImpl.checkConnect(Native Method)
	at sun.nio.ch.SocketChannelImpl.finishConnect(SocketChannelImpl.java:717)
	at org.apache.zookeeper.ClientCnxnSocketNIO.doTransport(ClientCnxnSocketNIO.java:361)
	at org.apache.zookeeper.ClientCnxn$SendThread.run(ClientCnxn.java:1141)
2018/07/10 20:38:50.998 o.s.s.w.DefaultSecurityFilterChain [] INFO  Creating filter chain: org.springframework.security.web.util.matcher.AnyRequestMatcher@1, [org.springframework.security.web.context.request.async.WebAsyncManagerIntegrationFilter@7c974942, org.springframework.security.web.context.SecurityContextPersistenceFilter@3b152928, org.springframework.security.web.header.HeaderWriterFilter@a619c2, org.springframework.security.web.authentication.logout.LogoutFilter@726a6b94, org.springframework.security.web.authentication.UsernamePasswordAuthenticationFilter@5b78fdb1, org.springframework.security.web.savedrequest.RequestCacheAwareFilter@5173200b, org.springframework.security.web.servletapi.SecurityContextHolderAwareRequestFilter@70325d20, org.springframework.security.web.authentication.AnonymousAuthenticationFilter@1eea9d2d, org.springframework.security.web.session.SessionManagementFilter@375b5b7f, org.springframework.security.web.access.ExceptionTranslationFilter@30feffc, org.springframework.security.web.access.intercept.FilterSecurityInterceptor@29182679]
2018/07/10 20:38:51.166 o.s.w.s.m.m.a.RequestMappingHandlerAdapter [] INFO  Looking for @ControllerAdvice: org.springframework.boot.web.servlet.context.AnnotationConfigServletWebServerApplicationContext@3cd3e762: startup date [Tue Jul 10 20:38:49 CST 2018]; root of context hierarchy
2018/07/10 20:38:51.231 o.s.w.s.m.m.a.RequestMappingHandlerMapping [] INFO  Mapped "{[],methods=[GET]}" onto public java.lang.String com.ruubypay.framework.configx.web.web.IndexController.index()
2018/07/10 20:38:51.232 o.s.w.s.m.m.a.RequestMappingHandlerMapping [] INFO  Mapped "{[/version || /version/{version:.+}],methods=[GET]}" onto public org.springframework.web.servlet.ModelAndView com.ruubypay.framework.configx.web.web.IndexController.rootNode(java.lang.String)
2018/07/10 20:38:51.233 o.s.w.s.m.m.a.RequestMappingHandlerMapping [] INFO  Mapped "{[/group/{version:.+}],methods=[POST]}" onto public org.springframework.web.servlet.ModelAndView com.ruubypay.framework.configx.web.web.IndexController.createGroup(java.lang.String,java.lang.String)
2018/07/10 20:38:51.233 o.s.w.s.m.m.a.RequestMappingHandlerMapping [] INFO  Mapped "{[/update],methods=[POST]}" onto public com.ruubypay.framework.configx.web.entity.CommonResponse<java.lang.Object> com.ruubypay.framework.configx.web.web.IndexController.updateProperty(java.lang.String,java.lang.String,java.lang.String,java.lang.String,java.lang.String)
2018/07/10 20:38:51.233 o.s.w.s.m.m.a.RequestMappingHandlerMapping [] INFO  Mapped "{[/create],methods=[POST]}" onto public com.ruubypay.framework.configx.web.entity.CommonResponse<java.lang.Object> com.ruubypay.framework.configx.web.web.IndexController.createProperty(java.lang.String,java.lang.String,java.lang.String,java.lang.String,java.lang.String)
2018/07/10 20:38:51.233 o.s.w.s.m.m.a.RequestMappingHandlerMapping [] INFO  Mapped "{[/version/{version:.+}],methods=[POST]}" onto public com.ruubypay.framework.configx.web.entity.CommonResponse<java.lang.Object> com.ruubypay.framework.configx.web.web.IndexController.createVersion(java.lang.String,java.lang.String)
2018/07/10 20:38:51.234 o.s.w.s.m.m.a.RequestMappingHandlerMapping [] INFO  Mapped "{[/group/{version}/{group:.+}],methods=[GET]}" onto public org.springframework.web.servlet.ModelAndView com.ruubypay.framework.configx.web.web.IndexController.groupData(java.lang.String,java.lang.String)
2018/07/10 20:38:51.234 o.s.w.s.m.m.a.RequestMappingHandlerMapping [] INFO  Mapped "{[/group/{version}/{group:.+}],methods=[DELETE]}" onto public com.ruubypay.framework.configx.web.entity.CommonResponse<java.lang.Object> com.ruubypay.framework.configx.web.web.IndexController.deleteGroup(java.lang.String,java.lang.String)
2018/07/10 20:38:51.234 o.s.w.s.m.m.a.RequestMappingHandlerMapping [] INFO  Mapped "{[/delete/{version}/{group}/{key:.+}],methods=[DELETE]}" onto public com.ruubypay.framework.configx.web.entity.CommonResponse<java.lang.Object> com.ruubypay.framework.configx.web.web.IndexController.deleteProp(java.lang.String,java.lang.String,java.lang.String)
2018/07/10 20:38:51.234 o.s.w.s.m.m.a.RequestMappingHandlerMapping [] INFO  Mapped "{[/export/{version:.+} || /export/{version}/{group:.+}],methods=[GET]}" onto public org.springframework.http.HttpEntity<byte[]> com.ruubypay.framework.configx.web.web.IndexController.exportData(java.lang.String,java.lang.String)
2018/07/10 20:38:51.235 o.s.w.s.m.m.a.RequestMappingHandlerMapping [] INFO  Mapped "{[/import/{version:.+}],methods=[POST]}" onto public org.springframework.web.servlet.ModelAndView com.ruubypay.framework.configx.web.web.IndexController.importData(java.lang.String,org.springframework.web.multipart.MultipartFile)
2018/07/10 20:38:51.235 o.s.w.s.m.m.a.RequestMappingHandlerMapping [] INFO  Mapped "{[/login],methods=[GET]}" onto public org.springframework.web.servlet.ModelAndView com.ruubypay.framework.configx.web.web.LoginController.login()
2018/07/10 20:38:51.236 o.s.w.s.m.m.a.RequestMappingHandlerMapping [] INFO  Mapped "{[/tips]}" onto public java.util.List<com.ruubypay.framework.configx.web.entity.Tip> com.ruubypay.framework.configx.web.web.RootNodeTipsController.getTips()
2018/07/10 20:38:51.243 o.s.w.s.m.m.a.RequestMappingHandlerMapping [] INFO  Mapped "{[/error]}" onto public org.springframework.http.ResponseEntity<java.util.Map<java.lang.String, java.lang.Object>> org.springframework.boot.autoconfigure.web.servlet.error.BasicErrorController.error(javax.servlet.http.HttpServletRequest)
2018/07/10 20:38:51.243 o.s.w.s.m.m.a.RequestMappingHandlerMapping [] INFO  Mapped "{[/error],produces=[text/html]}" onto public org.springframework.web.servlet.ModelAndView org.springframework.boot.autoconfigure.web.servlet.error.BasicErrorController.errorHtml(javax.servlet.http.HttpServletRequest,javax.servlet.http.HttpServletResponse)
2018/07/10 20:38:51.283 o.s.w.s.h.SimpleUrlHandlerMapping [] INFO  Mapped URL path [/webjars/**] onto handler of type [class org.springframework.web.servlet.resource.ResourceHttpRequestHandler]
2018/07/10 20:38:51.283 o.s.w.s.h.SimpleUrlHandlerMapping [] INFO  Mapped URL path [/**] onto handler of type [class org.springframework.web.servlet.resource.ResourceHttpRequestHandler]
2018/07/10 20:38:51.327 o.s.w.s.h.SimpleUrlHandlerMapping [] INFO  Mapped URL path [/**/favicon.ico] onto handler of type [class org.springframework.web.servlet.resource.ResourceHttpRequestHandler]
2018/07/10 20:38:51.362 o.s.b.a.w.s.WelcomePageHandlerMapping [] INFO  Adding welcome page template: index
2018/07/10 20:38:51.564 o.s.w.s.v.f.FreeMarkerConfigurer [] INFO  ClassTemplateLoader for Spring macros added to FreeMarker configuration
2018/07/10 20:38:51.648 o.s.j.e.a.AnnotationMBeanExporter [] INFO  Registering beans for JMX exposure on startup
2018/07/10 20:38:51.674 o.a.coyote.http11.Http11NioProtocol [] INFO  Starting ProtocolHandler ["http-nio-8082"]
2018/07/10 20:38:51.681 o.a.tomcat.util.net.NioSelectorPool [] INFO  Using a shared selector for servlet write/read
2018/07/10 20:38:51.696 o.s.b.w.e.tomcat.TomcatWebServer [] INFO  Tomcat started on port(s): 8082 (http) with context path ''
2018/07/10 20:38:51.700 c.r.f.c.web.ConfigWebApplication [] INFO  Started ConfigWebApplication in 3.176 seconds (JVM running for 3.999)
2018/07/10 20:38:51.883 org.apache.zookeeper.ClientCnxn [] INFO  Opening socket connection to server localhost/0:0:0:0:0:0:0:1:2181. Will not attempt to authenticate using SASL (unknown error)
2018/07/10 20:38:51.883 org.apache.zookeeper.ClientCnxn [] WARN  Session 0x0 for server null, unexpected error, closing socket connection and attempting reconnect
java.net.ConnectException: Connection refused
	at sun.nio.ch.SocketChannelImpl.checkConnect(Native Method)
	at sun.nio.ch.SocketChannelImpl.finishConnect(SocketChannelImpl.java:717)
	at org.apache.zookeeper.ClientCnxnSocketNIO.doTransport(ClientCnxnSocketNIO.java:361)
	at org.apache.zookeeper.ClientCnxn$SendThread.run(ClientCnxn.java:1141)
2018/07/10 20:38:51.988 org.apache.zookeeper.ClientCnxn [] INFO  Opening socket connection to server localhost/127.0.0.1:2181. Will not attempt to authenticate using SASL (unknown error)
2018/07/10 20:38:51.988 org.apache.zookeeper.ClientCnxn [] WARN  Session 0x0 for server null, unexpected error, closing socket connection and attempting reconnect
java.net.ConnectException: Connection refused
	at sun.nio.ch.SocketChannelImpl.checkConnect(Native Method)
	at sun.nio.ch.SocketChannelImpl.finishConnect(SocketChannelImpl.java:717)
	at org.apache.zookeeper.ClientCnxnSocketNIO.doTransport(ClientCnxnSocketNIO.java:361)
	at org.apache.zookeeper.ClientCnxn$SendThread.run(ClientCnxn.java:1141)
2018/07/10 20:38:53.095 org.apache.zookeeper.ClientCnxn [] INFO  Opening socket connection to server localhost/0:0:0:0:0:0:0:1:2181. Will not attempt to authenticate using SASL (unknown error)
2018/07/10 20:38:53.096 org.apache.zookeeper.ClientCnxn [] WARN  Session 0x0 for server null, unexpected error, closing socket connection and attempting reconnect
java.net.ConnectException: Connection refused
	at sun.nio.ch.SocketChannelImpl.checkConnect(Native Method)
	at sun.nio.ch.SocketChannelImpl.finishConnect(SocketChannelImpl.java:717)
	at org.apache.zookeeper.ClientCnxnSocketNIO.doTransport(ClientCnxnSocketNIO.java:361)
	at org.apache.zookeeper.ClientCnxn$SendThread.run(ClientCnxn.java:1141)
2018/07/10 20:38:53.201 org.apache.zookeeper.ClientCnxn [] INFO  Opening socket connection to server localhost/127.0.0.1:2181. Will not attempt to authenticate using SASL (unknown error)
2018/07/10 20:38:53.202 org.apache.zookeeper.ClientCnxn [] WARN  Session 0x0 for server null, unexpected error, closing socket connection and attempting reconnect
java.net.ConnectException: Connection refused
	at sun.nio.ch.SocketChannelImpl.checkConnect(Native Method)
	at sun.nio.ch.SocketChannelImpl.finishConnect(SocketChannelImpl.java:717)
	at org.apache.zookeeper.ClientCnxnSocketNIO.doTransport(ClientCnxnSocketNIO.java:361)
	at org.apache.zookeeper.ClientCnxn$SendThread.run(ClientCnxn.java:1141)
2018/07/10 20:38:54.309 org.apache.zookeeper.ClientCnxn [] INFO  Opening socket connection to server localhost/0:0:0:0:0:0:0:1:2181. Will not attempt to authenticate using SASL (unknown error)
2018/07/10 20:38:54.310 org.apache.zookeeper.ClientCnxn [] WARN  Session 0x0 for server null, unexpected error, closing socket connection and attempting reconnect
java.net.ConnectException: Connection refused
	at sun.nio.ch.SocketChannelImpl.checkConnect(Native Method)
	at sun.nio.ch.SocketChannelImpl.finishConnect(SocketChannelImpl.java:717)
	at org.apache.zookeeper.ClientCnxnSocketNIO.doTransport(ClientCnxnSocketNIO.java:361)
	at org.apache.zookeeper.ClientCnxn$SendThread.run(ClientCnxn.java:1141)
2018/07/10 20:38:54.411 org.apache.zookeeper.ClientCnxn [] INFO  Opening socket connection to server localhost/127.0.0.1:2181. Will not attempt to authenticate using SASL (unknown error)
2018/07/10 20:38:54.412 org.apache.zookeeper.ClientCnxn [] WARN  Session 0x0 for server null, unexpected error, closing socket connection and attempting reconnect
java.net.ConnectException: Connection refused
	at sun.nio.ch.SocketChannelImpl.checkConnect(Native Method)
	at sun.nio.ch.SocketChannelImpl.finishConnect(SocketChannelImpl.java:717)
	at org.apache.zookeeper.ClientCnxnSocketNIO.doTransport(ClientCnxnSocketNIO.java:361)
	at org.apache.zookeeper.ClientCnxn$SendThread.run(ClientCnxn.java:1141)
2018/07/10 20:38:55.518 org.apache.zookeeper.ClientCnxn [] INFO  Opening socket connection to server localhost/0:0:0:0:0:0:0:1:2181. Will not attempt to authenticate using SASL (unknown error)
2018/07/10 20:38:55.519 org.apache.zookeeper.ClientCnxn [] WARN  Session 0x0 for server null, unexpected error, closing socket connection and attempting reconnect
java.net.ConnectException: Connection refused
	at sun.nio.ch.SocketChannelImpl.checkConnect(Native Method)
	at sun.nio.ch.SocketChannelImpl.finishConnect(SocketChannelImpl.java:717)
	at org.apache.zookeeper.ClientCnxnSocketNIO.doTransport(ClientCnxnSocketNIO.java:361)
	at org.apache.zookeeper.ClientCnxn$SendThread.run(ClientCnxn.java:1141)
2018/07/10 20:38:55.621 org.apache.zookeeper.ClientCnxn [] INFO  Opening socket connection to server localhost/127.0.0.1:2181. Will not attempt to authenticate using SASL (unknown error)
2018/07/10 20:38:55.623 org.apache.zookeeper.ClientCnxn [] WARN  Session 0x0 for server null, unexpected error, closing socket connection and attempting reconnect
java.net.ConnectException: Connection refused
	at sun.nio.ch.SocketChannelImpl.checkConnect(Native Method)
	at sun.nio.ch.SocketChannelImpl.finishConnect(SocketChannelImpl.java:717)
	at org.apache.zookeeper.ClientCnxnSocketNIO.doTransport(ClientCnxnSocketNIO.java:361)
	at org.apache.zookeeper.ClientCnxn$SendThread.run(ClientCnxn.java:1141)
2018/07/10 20:38:56.732 org.apache.zookeeper.ClientCnxn [] INFO  Opening socket connection to server localhost/0:0:0:0:0:0:0:1:2181. Will not attempt to authenticate using SASL (unknown error)
2018/07/10 20:38:56.733 org.apache.zookeeper.ClientCnxn [] WARN  Session 0x0 for server null, unexpected error, closing socket connection and attempting reconnect
java.net.ConnectException: Connection refused
	at sun.nio.ch.SocketChannelImpl.checkConnect(Native Method)
	at sun.nio.ch.SocketChannelImpl.finishConnect(SocketChannelImpl.java:717)
	at org.apache.zookeeper.ClientCnxnSocketNIO.doTransport(ClientCnxnSocketNIO.java:361)
	at org.apache.zookeeper.ClientCnxn$SendThread.run(ClientCnxn.java:1141)
2018/07/10 20:38:56.832 o.s.b.w.s.c.AnnotationConfigServletWebServerApplicationContext [] INFO  Closing org.springframework.boot.web.servlet.context.AnnotationConfigServletWebServerApplicationContext@3cd3e762: startup date [Tue Jul 10 20:38:49 CST 2018]; root of context hierarchy
2018/07/10 20:38:56.834 o.s.j.e.a.AnnotationMBeanExporter [] INFO  Unregistering JMX-exposed beans on shutdown
2018/07/10 20:38:56.836 org.apache.zookeeper.ClientCnxn [] INFO  Opening socket connection to server localhost/127.0.0.1:2181. Will not attempt to authenticate using SASL (unknown error)
2018/07/10 20:38:56.836 org.apache.zookeeper.ClientCnxn [] WARN  Session 0x0 for server null, unexpected error, closing socket connection and attempting reconnect
java.net.ConnectException: Connection refused
	at sun.nio.ch.SocketChannelImpl.checkConnect(Native Method)
	at sun.nio.ch.SocketChannelImpl.finishConnect(SocketChannelImpl.java:717)
	at org.apache.zookeeper.ClientCnxnSocketNIO.doTransport(ClientCnxnSocketNIO.java:361)
	at org.apache.zookeeper.ClientCnxn$SendThread.run(ClientCnxn.java:1141)
2018/07/10 20:38:56.837 o.a.c.f.imps.CuratorFrameworkImpl [] INFO  backgroundOperationsLoop exiting
2018/07/10 20:38:56.942 org.apache.zookeeper.ZooKeeper [] INFO  Session: 0x0 closed
2018/07/10 20:38:56.942 org.apache.zookeeper.ClientCnxn [] INFO  EventThread shut down for session: 0x0
